{"/mnt/sda1/Documents/projects/ya.ls-graphql/src/core/JWT.ts": {"path":"/mnt/sda1/Documents/projects/ya.ls-graphql/src/core/JWT.ts","statementMap":{"0":{"start":{"line":1,"column":0},"end":{"line":1,"column":30}},"1":{"start":{"line":2,"column":0},"end":{"line":2,"column":33}},"2":{"start":{"line":3,"column":0},"end":{"line":3,"column":44}},"3":{"start":{"line":4,"column":0},"end":{"line":4,"column":30}},"4":{"start":{"line":6,"column":0},"end":{"line":6,"column":null}},"5":{"start":{"line":7,"column":17},"end":{"line":9,"column":null}},"6":{"start":{"line":8,"column":4},"end":{"line":8,"column":58}},"7":{"start":{"line":11,"column":17},"end":{"line":13,"column":null}},"8":{"start":{"line":12,"column":4},"end":{"line":12,"column":59}},"9":{"start":{"line":15,"column":22},"end":{"line":21,"column":null}},"10":{"start":{"line":16,"column":17},"end":{"line":16,"column":null}},"11":{"start":{"line":16,"column":10},"end":{"line":16,"column":null}},"12":{"start":{"line":17,"column":4},"end":{"line":18,"column":49}},"13":{"start":{"line":18,"column":6},"end":{"line":18,"column":49}},"14":{"start":{"line":20,"column":4},"end":{"line":20,"column":73}},"15":{"start":{"line":23,"column":22},"end":{"line":33,"column":null}},"16":{"start":{"line":24,"column":17},"end":{"line":24,"column":null}},"17":{"start":{"line":24,"column":10},"end":{"line":24,"column":null}},"18":{"start":{"line":27,"column":13},"end":{"line":27,"column":63}},"19":{"start":{"line":27,"column":6},"end":{"line":27,"column":64}},"20":{"start":{"line":29,"column":6},"end":{"line":29,"column":24}},"21":{"start":{"line":30,"column":6},"end":{"line":30,"column":84}},"22":{"start":{"line":30,"column":51},"end":{"line":30,"column":84}},"23":{"start":{"line":31,"column":6},"end":{"line":31,"column":35}},"24":{"start":{"line":35,"column":22},"end":{"line":44,"column":null}},"25":{"start":{"line":36,"column":17},"end":{"line":36,"column":null}},"26":{"start":{"line":36,"column":10},"end":{"line":36,"column":null}},"27":{"start":{"line":39,"column":13},"end":{"line":39,"column":91}},"28":{"start":{"line":39,"column":6},"end":{"line":39,"column":92}},"29":{"start":{"line":41,"column":6},"end":{"line":41,"column":22}},"30":{"start":{"line":42,"column":6},"end":{"line":42,"column":35}},"31":{"start":{"line":45,"column":0},"end":{"line":45,"column":null}},"32":{"start":{"line":47,"column":0},"end":{"line":47,"column":13}},"33":{"start":{"line":56,"column":4},"end":{"line":56,"column":25}},"34":{"start":{"line":57,"column":4},"end":{"line":57,"column":29}},"35":{"start":{"line":58,"column":4},"end":{"line":58,"column":27}},"36":{"start":{"line":59,"column":4},"end":{"line":59,"column":46}},"37":{"start":{"line":60,"column":4},"end":{"line":60,"column":56}},"38":{"start":{"line":61,"column":4},"end":{"line":61,"column":23}},"39":{"start":{"line":63,"column":0},"end":{"line":63,"column":null}},"40":{"start":{"line":47,"column":13},"end":{"line":47,"column":23}}},"fnMap":{"0":{"name":"(anonymous_16)","decl":{"start":{"line":6,"column":0},"end":{"line":6,"column":null}},"loc":{"start":{"line":6,"column":0},"end":{"line":45,"column":null}}},"1":{"name":"(anonymous_18)","decl":{"start":{"line":7,"column":2},"end":{"line":7,"column":17}},"loc":{"start":{"line":7,"column":2},"end":{"line":9,"column":3}}},"2":{"name":"(anonymous_19)","decl":{"start":{"line":11,"column":2},"end":{"line":11,"column":17}},"loc":{"start":{"line":11,"column":2},"end":{"line":13,"column":3}}},"3":{"name":"(anonymous_20)","decl":{"start":{"line":15,"column":2},"end":{"line":15,"column":22}},"loc":{"start":{"line":15,"column":48},"end":{"line":21,"column":null}}},"4":{"name":"(anonymous_23)","decl":{"start":{"line":23,"column":2},"end":{"line":23,"column":22}},"loc":{"start":{"line":23,"column":44},"end":{"line":33,"column":null}}},"5":{"name":"(anonymous_26)","decl":{"start":{"line":35,"column":2},"end":{"line":35,"column":22}},"loc":{"start":{"line":35,"column":42},"end":{"line":44,"column":null}}},"6":{"name":"(anonymous_29)","decl":{"start":{"line":47,"column":0},"end":{"line":47,"column":13}},"loc":{"start":{"line":47,"column":0},"end":{"line":63,"column":null}}},"7":{"name":"JwtPayload","decl":{"start":{"line":55,"column":2},"end":{"line":55,"column":14}},"loc":{"start":{"line":55,"column":96},"end":{"line":62,"column":3}}}},"branchMap":{"0":{"loc":{"start":{"line":16,"column":17},"end":{"line":16,"column":null}},"type":"switch","locations":[{"start":{"line":16,"column":17},"end":{"line":16,"column":null}}]},"1":{"loc":{"start":{"line":17,"column":4},"end":{"line":18,"column":49}},"type":"if","locations":[{"start":{"line":17,"column":4},"end":{"line":18,"column":49}},{"start":{"line":17,"column":4},"end":{"line":18,"column":49}}]},"2":{"loc":{"start":{"line":24,"column":17},"end":{"line":24,"column":null}},"type":"switch","locations":[{"start":{"line":24,"column":17},"end":{"line":24,"column":null}}]},"3":{"loc":{"start":{"line":30,"column":6},"end":{"line":30,"column":84}},"type":"if","locations":[{"start":{"line":30,"column":6},"end":{"line":30,"column":84}},{"start":{"line":30,"column":6},"end":{"line":30,"column":84}}]},"4":{"loc":{"start":{"line":30,"column":10},"end":{"line":30,"column":13}},"type":"binary-expr","locations":[{"start":{"line":30,"column":10},"end":{"line":30,"column":13}},{"start":{"line":30,"column":17},"end":{"line":30,"column":49}}]},"5":{"loc":{"start":{"line":36,"column":17},"end":{"line":36,"column":null}},"type":"switch","locations":[{"start":{"line":36,"column":17},"end":{"line":36,"column":null}}]}},"s":{"0":1,"1":1,"2":1,"3":1,"4":1,"5":1,"6":1,"7":1,"8":1,"9":1,"10":1,"11":1,"12":1,"13":0,"14":1,"15":1,"16":0,"17":0,"18":0,"19":0,"20":0,"21":0,"22":0,"23":0,"24":1,"25":1,"26":1,"27":1,"28":1,"29":1,"30":1,"31":1,"32":1,"33":1,"34":1,"35":1,"36":1,"37":1,"38":1,"39":1,"40":1},"f":{"0":1,"1":1,"2":1,"3":1,"4":0,"5":1,"6":1,"7":1},"b":{"0":[1],"1":[0,1],"2":[0],"3":[0,0],"4":[0,0],"5":[1]}}
,"/mnt/sda1/Documents/projects/ya.ls-graphql/src/core/Logger.ts": {"path":"/mnt/sda1/Documents/projects/ya.ls-graphql/src/core/Logger.ts","statementMap":{"0":{"start":{"line":1,"column":0},"end":{"line":1,"column":59}},"1":{"start":{"line":2,"column":0},"end":{"line":2,"column":56}},"2":{"start":{"line":4,"column":0},"end":{"line":4,"column":40}},"3":{"start":{"line":6,"column":15},"end":{"line":30,"column":2}},"4":{"start":{"line":32,"column":0},"end":{"line":32,"column":22}}},"fnMap":{},"branchMap":{},"s":{"0":1,"1":1,"2":1,"3":1,"4":1},"f":{},"b":{}}
,"/mnt/sda1/Documents/projects/ya.ls-graphql/src/core/config.ts": {"path":"/mnt/sda1/Documents/projects/ya.ls-graphql/src/core/config.ts","statementMap":{"0":{"start":{"line":1,"column":13},"end":{"line":4,"column":2}},"1":{"start":{"line":6,"column":13},"end":{"line":9,"column":2}},"2":{"start":{"line":11,"column":13},"end":{"line":15,"column":2}},"3":{"start":{"line":17,"column":13},"end":{"line":22,"column":2}},"4":{"start":{"line":24,"column":13},"end":{"line":26,"column":null}}},"fnMap":{},"branchMap":{"0":{"loc":{"start":{"line":3,"column":8},"end":{"line":3,"column":24}},"type":"binary-expr","locations":[{"start":{"line":3,"column":8},"end":{"line":3,"column":24}},{"start":{"line":3,"column":28},"end":{"line":3,"column":32}}]}},"s":{"0":1,"1":1,"2":1,"3":1,"4":1},"f":{},"b":{"0":[1,1]}}
}
