{"/mnt/sda1/Documents/projects/ya.ls-graphql/graphql/resolvers.js": {"path":"/mnt/sda1/Documents/projects/ya.ls-graphql/graphql/resolvers.js","statementMap":{"0":{"start":{"line":1,"column":15},"end":{"line":1,"column":32}},"1":{"start":{"line":2,"column":16},"end":{"line":2,"column":34}},"2":{"start":{"line":3,"column":12},"end":{"line":3,"column":35}},"3":{"start":{"line":5,"column":13},"end":{"line":5,"column":38}},"4":{"start":{"line":6,"column":17},"end":{"line":6,"column":46}},"5":{"start":{"line":7,"column":13},"end":{"line":7,"column":37}},"6":{"start":{"line":8,"column":18},"end":{"line":8,"column":55}},"7":{"start":{"line":10,"column":18},"end":{"line":162,"column":1}},"8":{"start":{"line":13,"column":23},"end":{"line":13,"column":26}},"9":{"start":{"line":14,"column":6},"end":{"line":14,"column":63}},"10":{"start":{"line":16,"column":6},"end":{"line":16,"column":42}},"11":{"start":{"line":20,"column":24},"end":{"line":20,"column":65}},"12":{"start":{"line":21,"column":6},"end":{"line":23,"column":7}},"13":{"start":{"line":22,"column":8},"end":{"line":22,"column":39}},"14":{"start":{"line":25,"column":39},"end":{"line":25,"column":43}},"15":{"start":{"line":26,"column":19},"end":{"line":29,"column":7}},"16":{"start":{"line":30,"column":6},"end":{"line":32,"column":7}},"17":{"start":{"line":31,"column":8},"end":{"line":31,"column":42}},"18":{"start":{"line":34,"column":22},"end":{"line":34,"column":67}},"19":{"start":{"line":35,"column":6},"end":{"line":37,"column":7}},"20":{"start":{"line":36,"column":8},"end":{"line":36,"column":46}},"21":{"start":{"line":39,"column":20},"end":{"line":39,"column":75}},"22":{"start":{"line":41,"column":6},"end":{"line":41,"column":47}},"23":{"start":{"line":45,"column":24},"end":{"line":45,"column":64}},"24":{"start":{"line":46,"column":6},"end":{"line":48,"column":7}},"25":{"start":{"line":47,"column":8},"end":{"line":47,"column":49}},"26":{"start":{"line":49,"column":24},"end":{"line":49,"column":28}},"27":{"start":{"line":50,"column":23},"end":{"line":50,"column":55}},"28":{"start":{"line":52,"column":6},"end":{"line":54,"column":7}},"29":{"start":{"line":53,"column":8},"end":{"line":53,"column":43}},"30":{"start":{"line":56,"column":6},"end":{"line":65,"column":7}},"31":{"start":{"line":57,"column":25},"end":{"line":57,"column":28}},"32":{"start":{"line":58,"column":25},"end":{"line":60,"column":10}},"33":{"start":{"line":59,"column":10},"end":{"line":59,"column":33}},"34":{"start":{"line":62,"column":8},"end":{"line":64,"column":9}},"35":{"start":{"line":63,"column":10},"end":{"line":63,"column":61}},"36":{"start":{"line":67,"column":6},"end":{"line":69,"column":24}},"37":{"start":{"line":70,"column":6},"end":{"line":72,"column":24}},"38":{"start":{"line":74,"column":6},"end":{"line":74,"column":44}},"39":{"start":{"line":80,"column":24},"end":{"line":80,"column":65}},"40":{"start":{"line":81,"column":6},"end":{"line":83,"column":7}},"41":{"start":{"line":82,"column":8},"end":{"line":82,"column":39}},"42":{"start":{"line":84,"column":45},"end":{"line":84,"column":49}},"43":{"start":{"line":85,"column":27},"end":{"line":85,"column":63}},"44":{"start":{"line":86,"column":6},"end":{"line":88,"column":7}},"45":{"start":{"line":87,"column":8},"end":{"line":87,"column":48}},"46":{"start":{"line":89,"column":6},"end":{"line":89,"column":49}},"47":{"start":{"line":90,"column":19},"end":{"line":94,"column":8}},"48":{"start":{"line":95,"column":6},"end":{"line":95,"column":24}},"49":{"start":{"line":97,"column":6},"end":{"line":97,"column":46}},"50":{"start":{"line":101,"column":24},"end":{"line":101,"column":65}},"51":{"start":{"line":102,"column":6},"end":{"line":104,"column":7}},"52":{"start":{"line":103,"column":8},"end":{"line":103,"column":31}},"53":{"start":{"line":106,"column":28},"end":{"line":106,"column":32}},"54":{"start":{"line":107,"column":22},"end":{"line":107,"column":40}},"55":{"start":{"line":108,"column":23},"end":{"line":108,"column":26}},"56":{"start":{"line":110,"column":6},"end":{"line":110,"column":53}},"57":{"start":{"line":112,"column":31},"end":{"line":114,"column":7}},"58":{"start":{"line":113,"column":16},"end":{"line":113,"column":48}},"59":{"start":{"line":116,"column":6},"end":{"line":140,"column":7}},"60":{"start":{"line":117,"column":25},"end":{"line":117,"column":70}},"61":{"start":{"line":118,"column":24},"end":{"line":118,"column":26}},"62":{"start":{"line":119,"column":8},"end":{"line":133,"column":9}},"63":{"start":{"line":120,"column":10},"end":{"line":120,"column":41}},"64":{"start":{"line":122,"column":32},"end":{"line":122,"column":73}},"65":{"start":{"line":123,"column":27},"end":{"line":123,"column":72}},"66":{"start":{"line":124,"column":29},"end":{"line":128,"column":11}},"67":{"start":{"line":130,"column":10},"end":{"line":132,"column":13}},"68":{"start":{"line":131,"column":12},"end":{"line":131,"column":53}},"69":{"start":{"line":135,"column":8},"end":{"line":135,"column":39}},"70":{"start":{"line":137,"column":8},"end":{"line":137,"column":30}},"71":{"start":{"line":139,"column":8},"end":{"line":139,"column":47}},"72":{"start":{"line":142,"column":22},"end":{"line":142,"column":24}},"73":{"start":{"line":144,"column":28},"end":{"line":144,"column":69}},"74":{"start":{"line":146,"column":6},"end":{"line":146,"column":55}},"75":{"start":{"line":148,"column":23},"end":{"line":153,"column":8}},"76":{"start":{"line":155,"column":6},"end":{"line":155,"column":28}},"77":{"start":{"line":156,"column":6},"end":{"line":156,"column":35}},"78":{"start":{"line":157,"column":6},"end":{"line":157,"column":24}},"79":{"start":{"line":159,"column":6},"end":{"line":159,"column":45}},"80":{"start":{"line":164,"column":0},"end":{"line":164,"column":27}}},"fnMap":{"0":{"name":"(anonymous_0)","decl":{"start":{"line":12,"column":4},"end":{"line":12,"column":5}},"loc":{"start":{"line":12,"column":30},"end":{"line":17,"column":5}},"line":12},"1":{"name":"(anonymous_1)","decl":{"start":{"line":19,"column":4},"end":{"line":19,"column":5}},"loc":{"start":{"line":19,"column":33},"end":{"line":42,"column":5}},"line":19},"2":{"name":"(anonymous_2)","decl":{"start":{"line":44,"column":4},"end":{"line":44,"column":5}},"loc":{"start":{"line":44,"column":37},"end":{"line":75,"column":5}},"line":44},"3":{"name":"(anonymous_3)","decl":{"start":{"line":58,"column":49},"end":{"line":58,"column":50}},"loc":{"start":{"line":58,"column":63},"end":{"line":60,"column":9}},"line":58},"4":{"name":"(anonymous_4)","decl":{"start":{"line":79,"column":4},"end":{"line":79,"column":5}},"loc":{"start":{"line":79,"column":38},"end":{"line":98,"column":5}},"line":79},"5":{"name":"(anonymous_5)","decl":{"start":{"line":100,"column":4},"end":{"line":100,"column":5}},"loc":{"start":{"line":100,"column":38},"end":{"line":160,"column":5}},"line":100},"6":{"name":"(anonymous_6)","decl":{"start":{"line":113,"column":8},"end":{"line":113,"column":9}},"loc":{"start":{"line":113,"column":16},"end":{"line":113,"column":48}},"line":113},"7":{"name":"(anonymous_7)","decl":{"start":{"line":130,"column":41},"end":{"line":130,"column":42}},"loc":{"start":{"line":130,"column":63},"end":{"line":132,"column":11}},"line":130}},"branchMap":{"0":{"loc":{"start":{"line":21,"column":6},"end":{"line":23,"column":7}},"type":"if","locations":[{"start":{"line":21,"column":6},"end":{"line":23,"column":7}},{"start":{"line":21,"column":6},"end":{"line":23,"column":7}}],"line":21},"1":{"loc":{"start":{"line":30,"column":6},"end":{"line":32,"column":7}},"type":"if","locations":[{"start":{"line":30,"column":6},"end":{"line":32,"column":7}},{"start":{"line":30,"column":6},"end":{"line":32,"column":7}}],"line":30},"2":{"loc":{"start":{"line":35,"column":6},"end":{"line":37,"column":7}},"type":"if","locations":[{"start":{"line":35,"column":6},"end":{"line":37,"column":7}},{"start":{"line":35,"column":6},"end":{"line":37,"column":7}}],"line":35},"3":{"loc":{"start":{"line":46,"column":6},"end":{"line":48,"column":7}},"type":"if","locations":[{"start":{"line":46,"column":6},"end":{"line":48,"column":7}},{"start":{"line":46,"column":6},"end":{"line":48,"column":7}}],"line":46},"4":{"loc":{"start":{"line":52,"column":6},"end":{"line":54,"column":7}},"type":"if","locations":[{"start":{"line":52,"column":6},"end":{"line":54,"column":7}},{"start":{"line":52,"column":6},"end":{"line":54,"column":7}}],"line":52},"5":{"loc":{"start":{"line":56,"column":6},"end":{"line":65,"column":7}},"type":"if","locations":[{"start":{"line":56,"column":6},"end":{"line":65,"column":7}},{"start":{"line":56,"column":6},"end":{"line":65,"column":7}}],"line":56},"6":{"loc":{"start":{"line":62,"column":8},"end":{"line":64,"column":9}},"type":"if","locations":[{"start":{"line":62,"column":8},"end":{"line":64,"column":9}},{"start":{"line":62,"column":8},"end":{"line":64,"column":9}}],"line":62},"7":{"loc":{"start":{"line":81,"column":6},"end":{"line":83,"column":7}},"type":"if","locations":[{"start":{"line":81,"column":6},"end":{"line":83,"column":7}},{"start":{"line":81,"column":6},"end":{"line":83,"column":7}}],"line":81},"8":{"loc":{"start":{"line":86,"column":6},"end":{"line":88,"column":7}},"type":"if","locations":[{"start":{"line":86,"column":6},"end":{"line":88,"column":7}},{"start":{"line":86,"column":6},"end":{"line":88,"column":7}}],"line":86},"9":{"loc":{"start":{"line":102,"column":6},"end":{"line":104,"column":7}},"type":"if","locations":[{"start":{"line":102,"column":6},"end":{"line":104,"column":7}},{"start":{"line":102,"column":6},"end":{"line":104,"column":7}}],"line":102},"10":{"loc":{"start":{"line":116,"column":6},"end":{"line":140,"column":7}},"type":"if","locations":[{"start":{"line":116,"column":6},"end":{"line":140,"column":7}},{"start":{"line":116,"column":6},"end":{"line":140,"column":7}}],"line":116},"11":{"loc":{"start":{"line":119,"column":8},"end":{"line":133,"column":9}},"type":"if","locations":[{"start":{"line":119,"column":8},"end":{"line":133,"column":9}},{"start":{"line":119,"column":8},"end":{"line":133,"column":9}}],"line":119},"12":{"loc":{"start":{"line":122,"column":32},"end":{"line":122,"column":73}},"type":"cond-expr","locations":[{"start":{"line":122,"column":49},"end":{"line":122,"column":68}},{"start":{"line":122,"column":71},"end":{"line":122,"column":73}}],"line":122},"13":{"loc":{"start":{"line":144,"column":28},"end":{"line":144,"column":69}},"type":"cond-expr","locations":[{"start":{"line":144,"column":45},"end":{"line":144,"column":64}},{"start":{"line":144,"column":67},"end":{"line":144,"column":69}}],"line":144}},"s":{"0":1,"1":1,"2":1,"3":1,"4":1,"5":1,"6":1,"7":1,"8":1,"9":1,"10":1,"11":3,"12":3,"13":0,"14":3,"15":3,"16":3,"17":1,"18":2,"19":2,"20":1,"21":1,"22":1,"23":2,"24":2,"25":0,"26":2,"27":2,"28":2,"29":0,"30":2,"31":0,"32":0,"33":0,"34":0,"35":0,"36":2,"37":2,"38":2,"39":0,"40":0,"41":0,"42":0,"43":0,"44":0,"45":0,"46":0,"47":0,"48":0,"49":0,"50":0,"51":0,"52":0,"53":0,"54":0,"55":0,"56":0,"57":0,"58":0,"59":0,"60":0,"61":0,"62":0,"63":0,"64":0,"65":0,"66":0,"67":0,"68":0,"69":0,"70":0,"71":0,"72":0,"73":0,"74":0,"75":0,"76":0,"77":0,"78":0,"79":0,"80":1},"f":{"0":1,"1":3,"2":2,"3":0,"4":0,"5":0,"6":0,"7":0},"b":{"0":[0,3],"1":[1,2],"2":[1,1],"3":[0,2],"4":[0,2],"5":[0,2],"6":[0,0],"7":[0,0],"8":[0,0],"9":[0,0],"10":[0,0],"11":[0,0],"12":[0,0],"13":[0,0]},"_coverageSchema":"1a1c01bbd47fc00a2c39e90264f33305004495a9","hash":"2b451ff45b89e7e5ec965a476e84832b53ae2454"}
}
