TN:
SF:src/core/JWT.ts
FN:6,(anonymous_16)
FN:7,(anonymous_18)
FN:11,(anonymous_19)
FN:15,(anonymous_20)
FN:23,(anonymous_23)
FN:35,(anonymous_26)
FN:47,(anonymous_29)
FN:55,JwtPayload
FNF:8
FNH:7
FNDA:1,(anonymous_16)
FNDA:1,(anonymous_18)
FNDA:1,(anonymous_19)
FNDA:1,(anonymous_20)
FNDA:0,(anonymous_23)
FNDA:1,(anonymous_26)
FNDA:1,(anonymous_29)
FNDA:1,JwtPayload
DA:1,1
DA:2,1
DA:3,1
DA:4,1
DA:6,1
DA:7,1
DA:8,1
DA:11,1
DA:12,1
DA:15,1
DA:16,1
DA:17,1
DA:18,0
DA:20,1
DA:23,1
DA:24,0
DA:27,0
DA:29,0
DA:30,0
DA:31,0
DA:35,1
DA:36,1
DA:39,1
DA:41,1
DA:42,1
DA:45,1
DA:47,1
DA:56,1
DA:57,1
DA:58,1
DA:59,1
DA:60,1
DA:61,1
DA:63,1
LF:34
LH:28
BRDA:16,0,0,1
BRDA:17,1,0,0
BRDA:17,1,1,1
BRDA:24,2,0,0
BRDA:30,3,0,0
BRDA:30,3,1,0
BRDA:30,4,0,0
BRDA:30,4,1,0
BRDA:36,5,0,1
BRF:9
BRH:3
end_of_record
TN:
SF:src/core/Logger.ts
FNF:0
FNH:0
DA:1,1
DA:2,1
DA:4,1
DA:6,1
DA:32,1
LF:5
LH:5
BRF:0
BRH:0
end_of_record
TN:
SF:src/core/config.ts
FNF:0
FNH:0
DA:1,1
DA:6,1
DA:11,1
DA:17,1
DA:24,1
LF:5
LH:5
BRDA:3,0,0,1
BRDA:3,0,1,1
BRF:2
BRH:2
end_of_record
