TN:
SF:graphql/resolvers.js
FN:12,(anonymous_0)
FN:19,(anonymous_1)
FN:44,(anonymous_2)
FN:58,(anonymous_3)
FN:79,(anonymous_4)
FN:100,(anonymous_5)
FN:113,(anonymous_6)
FN:130,(anonymous_7)
FNF:8
FNH:3
FNDA:1,(anonymous_0)
FNDA:3,(anonymous_1)
FNDA:2,(anonymous_2)
FNDA:0,(anonymous_3)
FNDA:0,(anonymous_4)
FNDA:0,(anonymous_5)
FNDA:0,(anonymous_6)
FNDA:0,(anonymous_7)
DA:1,1
DA:2,1
DA:3,1
DA:5,1
DA:6,1
DA:7,1
DA:8,1
DA:10,1
DA:13,1
DA:14,1
DA:16,1
DA:20,3
DA:21,3
DA:22,0
DA:25,3
DA:26,3
DA:30,3
DA:31,1
DA:34,2
DA:35,2
DA:36,1
DA:39,1
DA:41,1
DA:45,2
DA:46,2
DA:47,0
DA:49,2
DA:50,2
DA:52,2
DA:53,0
DA:56,2
DA:57,0
DA:58,0
DA:59,0
DA:62,0
DA:63,0
DA:67,2
DA:70,2
DA:74,2
DA:80,0
DA:81,0
DA:82,0
DA:84,0
DA:85,0
DA:86,0
DA:87,0
DA:89,0
DA:90,0
DA:95,0
DA:97,0
DA:101,0
DA:102,0
DA:103,0
DA:106,0
DA:107,0
DA:108,0
DA:110,0
DA:112,0
DA:113,0
DA:116,0
DA:117,0
DA:118,0
DA:119,0
DA:120,0
DA:122,0
DA:123,0
DA:124,0
DA:130,0
DA:131,0
DA:135,0
DA:137,0
DA:139,0
DA:142,0
DA:144,0
DA:146,0
DA:148,0
DA:155,0
DA:156,0
DA:157,0
DA:159,0
DA:164,1
LF:81
LH:32
BRDA:21,0,0,0
BRDA:21,0,1,3
BRDA:30,1,0,1
BRDA:30,1,1,2
BRDA:35,2,0,1
BRDA:35,2,1,1
BRDA:46,3,0,0
BRDA:46,3,1,2
BRDA:52,4,0,0
BRDA:52,4,1,2
BRDA:56,5,0,0
BRDA:56,5,1,2
BRDA:62,6,0,0
BRDA:62,6,1,0
BRDA:81,7,0,0
BRDA:81,7,1,0
BRDA:86,8,0,0
BRDA:86,8,1,0
BRDA:102,9,0,0
BRDA:102,9,1,0
BRDA:116,10,0,0
BRDA:116,10,1,0
BRDA:119,11,0,0
BRDA:119,11,1,0
BRDA:122,12,0,0
BRDA:122,12,1,0
BRDA:144,13,0,0
BRDA:144,13,1,0
BRF:28
BRH:8
end_of_record
